;;; 
Export: Release 19.0.0.0.0 - Production on Thu Aug 1 21:30:02 2024
Version 19.11.0.0.0

Copyright (c) 1982, 2021, Oracle and/or its affiliates.  All rights reserved.
;;; 
Connected to: Oracle Database 19c Enterprise Edition Release 19.0.0.0.0 - Production
Starting "SYSTEM"."SYS_EXPORT_FULL_01":  system/********@BDCTRLNPDB DIRECTORY=DTPUMP DUMPFILE=CONTROLN.DMP FULL=Y CONTENT=ALL LOGFILE=output_exp_controln_01-08-2024_21-30-02.log 
Processing object type DATABASE_EXPORT/EARLY_OPTIONS/VIEWS_AS_TABLES/TABLE_DATA
Processing object type DATABASE_EXPORT/NORMAL_OPTIONS/TABLE_DATA
Processing object type DATABASE_EXPORT/NORMAL_OPTIONS/VIEWS_AS_TABLES/TABLE_DATA
Processing object type DATABASE_EXPORT/SCHEMA/TABLE/TABLE_DATA
Processing object type DATABASE_EXPORT/SCHEMA/TABLE/INDEX/STATISTICS/INDEX_STATISTICS
Processing object type DATABASE_EXPORT/SCHEMA/TABLE/STATISTICS/TABLE_STATISTICS
Processing object type DATABASE_EXPORT/STATISTICS/MARKER
Processing object type DATABASE_EXPORT/PRE_SYSTEM_IMPCALLOUT/MARKER
Processing object type DATABASE_EXPORT/PRE_INSTANCE_IMPCALLOUT/MARKER
Processing object type DATABASE_EXPORT/TABLESPACE
Processing object type DATABASE_EXPORT/PROFILE
Processing object type DATABASE_EXPORT/SCHEMA/USER
Processing object type DATABASE_EXPORT/RADM_FPTM
Processing object type DATABASE_EXPORT/GRANT/SYSTEM_GRANT/PROC_SYSTEM_GRANT
Processing object type DATABASE_EXPORT/SCHEMA/GRANT/SYSTEM_GRANT
Processing object type DATABASE_EXPORT/SCHEMA/ROLE_GRANT
Processing object type DATABASE_EXPORT/SCHEMA/DEFAULT_ROLE
Processing object type DATABASE_EXPORT/SCHEMA/ON_USER_GRANT
Processing object type DATABASE_EXPORT/SCHEMA/TABLESPACE_QUOTA
Processing object type DATABASE_EXPORT/RESOURCE_COST
Processing object type DATABASE_EXPORT/SCHEMA/DB_LINK
Processing object type DATABASE_EXPORT/TRUSTED_DB_LINK
Processing object type DATABASE_EXPORT/SCHEMA/SEQUENCE/SEQUENCE
Processing object type DATABASE_EXPORT/DIRECTORY/DIRECTORY
Processing object type DATABASE_EXPORT/DIRECTORY/GRANT/OWNER_GRANT/OBJECT_GRANT
Processing object type DATABASE_EXPORT/SCHEMA/SYNONYM
Processing object type DATABASE_EXPORT/SYSTEM_PROCOBJACT/PRE_SYSTEM_ACTIONS/PROCACT_SYSTEM
Processing object type DATABASE_EXPORT/SYSTEM_PROCOBJACT/PROCOBJ
Processing object type DATABASE_EXPORT/SYSTEM_PROCOBJACT/POST_SYSTEM_ACTIONS/PROCACT_SYSTEM
Processing object type DATABASE_EXPORT/SCHEMA/PROCACT_SCHEMA
Processing object type DATABASE_EXPORT/EARLY_OPTIONS/VIEWS_AS_TABLES/TABLE
Processing object type DATABASE_EXPORT/EARLY_POST_INSTANCE_IMPCALLOUT/MARKER
Processing object type DATABASE_EXPORT/NORMAL_OPTIONS/TABLE
Processing object type DATABASE_EXPORT/NORMAL_OPTIONS/VIEWS_AS_TABLES/TABLE
Processing object type DATABASE_EXPORT/NORMAL_POST_INSTANCE_IMPCALLOUT/MARKER
Processing object type DATABASE_EXPORT/SCHEMA/TABLE/TABLE
Processing object type DATABASE_EXPORT/SCHEMA/TABLE/COMMENT
Processing object type DATABASE_EXPORT/SCHEMA/FUNCTION/FUNCTION
Processing object type DATABASE_EXPORT/SCHEMA/PROCEDURE/PROCEDURE
Processing object type DATABASE_EXPORT/SCHEMA/FUNCTION/ALTER_FUNCTION
Processing object type DATABASE_EXPORT/SCHEMA/PROCEDURE/ALTER_PROCEDURE
Processing object type DATABASE_EXPORT/SCHEMA/VIEW/VIEW
Processing object type DATABASE_EXPORT/SCHEMA/TABLE/INDEX/INDEX
Processing object type DATABASE_EXPORT/FINAL_POST_INSTANCE_IMPCALLOUT/MARKER
Processing object type DATABASE_EXPORT/SCHEMA/POST_SCHEMA/PROCACT_SCHEMA
Processing object type DATABASE_EXPORT/AUDIT_UNIFIED/AUDIT_POLICY_ENABLE
Processing object type DATABASE_EXPORT/POST_SYSTEM_IMPCALLOUT/MARKER
. . exported "SYS"."KU$_USER_MAPPING_VIEW"               6.148 KB      41 rows
. . exported "AUDSYS"."AUD$UNIFIED":"SYS_P872"           296.6 KB     273 rows
. . exported "AUDSYS"."AUD$UNIFIED":"SYS_P15794"         62.14 KB      11 rows
. . exported "AUDSYS"."AUD$UNIFIED":"SYS_P1392"          58.09 KB      17 rows
. . exported "AUDSYS"."AUD$UNIFIED":"SYS_P14834"         57.39 KB       8 rows
. . exported "AUDSYS"."AUD$UNIFIED":"SYS_P10226"         52.99 KB       2 rows
. . exported "AUDSYS"."AUD$UNIFIED":"SYS_P17118"         52.99 KB       2 rows
. . exported "AUDSYS"."AUD$UNIFIED":"SYS_P5134"          52.97 KB       2 rows
. . exported "AUDSYS"."AUD$UNIFIED":"SYS_P221"           52.75 KB       4 rows
. . exported "AUDSYS"."AUD$UNIFIED":"SYS_P4236"          52.32 KB       5 rows
. . exported "AUDSYS"."AUD$UNIFIED":"SYS_P1956"          52.10 KB       3 rows
. . exported "AUDSYS"."AUD$UNIFIED":"SYS_P9070"          51.96 KB       1 rows
. . exported "AUDSYS"."AUD$UNIFIED":"SYS_P10186"         51.94 KB       1 rows
. . exported "AUDSYS"."AUD$UNIFIED":"SYS_P8490"          51.57 KB       1 rows
. . exported "AUDSYS"."AUD$UNIFIED":"SYS_P3964"          51.38 KB       1 rows
. . exported "AUDSYS"."AUD$UNIFIED":"SYS_P19594"         51.27 KB       1 rows
. . exported "SYSTEM"."REDO_DB"                          25.59 KB       1 rows
. . exported "WMSYS"."WM$WORKSPACES_TABLE$"              12.10 KB       1 rows
. . exported "WMSYS"."WM$HINT_TABLE$"                    9.984 KB      97 rows
. . exported "LBACSYS"."OLS$INSTALLATIONS"               6.960 KB       2 rows
. . exported "WMSYS"."WM$WORKSPACE_PRIV_TABLE$"          7.078 KB      11 rows
. . exported "SYS"."DAM_CONFIG_PARAM$"                   6.531 KB      14 rows
. . exported "SYS"."TSDP_SUBPOL$"                        6.328 KB       1 rows
. . exported "WMSYS"."WM$NEXTVER_TABLE$"                 6.375 KB       1 rows
. . exported "LBACSYS"."OLS$PROPS"                       6.234 KB       5 rows
. . exported "WMSYS"."WM$ENV_VARS$"                      6.015 KB       3 rows
. . exported "SYS"."TSDP_PARAMETER$"                     5.953 KB       1 rows
. . exported "SYS"."TSDP_POLICY$"                        5.921 KB       1 rows
. . exported "WMSYS"."WM$VERSION_HIERARCHY_TABLE$"       5.984 KB       1 rows
. . exported "WMSYS"."WM$EVENTS_INFO$"                   5.812 KB      12 rows
. . exported "LBACSYS"."OLS$AUDIT_ACTIONS"               5.757 KB       8 rows
. . exported "LBACSYS"."OLS$DIP_EVENTS"                  5.539 KB       2 rows
. . exported "AUDSYS"."AUD$UNIFIED":"AUD_UNIFIED_P0"         0 KB       0 rows
. . exported "LBACSYS"."OLS$AUDIT"                           0 KB       0 rows
. . exported "LBACSYS"."OLS$COMPARTMENTS"                    0 KB       0 rows
. . exported "LBACSYS"."OLS$DIP_DEBUG"                       0 KB       0 rows
. . exported "LBACSYS"."OLS$GROUPS"                          0 KB       0 rows
. . exported "LBACSYS"."OLS$LAB"                             0 KB       0 rows
. . exported "LBACSYS"."OLS$LEVELS"                          0 KB       0 rows
. . exported "LBACSYS"."OLS$POL"                             0 KB       0 rows
. . exported "LBACSYS"."OLS$POLICY_ADMIN"                    0 KB       0 rows
. . exported "LBACSYS"."OLS$POLS"                            0 KB       0 rows
. . exported "LBACSYS"."OLS$POLT"                            0 KB       0 rows
. . exported "LBACSYS"."OLS$PROFILE"                         0 KB       0 rows
. . exported "LBACSYS"."OLS$PROFILES"                        0 KB       0 rows
. . exported "LBACSYS"."OLS$PROG"                            0 KB       0 rows
. . exported "LBACSYS"."OLS$SESSINFO"                        0 KB       0 rows
. . exported "LBACSYS"."OLS$USER"                            0 KB       0 rows
. . exported "LBACSYS"."OLS$USER_COMPARTMENTS"               0 KB       0 rows
. . exported "LBACSYS"."OLS$USER_GROUPS"                     0 KB       0 rows
. . exported "LBACSYS"."OLS$USER_LEVELS"                     0 KB       0 rows
. . exported "SYS"."AUD$"                                    0 KB       0 rows
. . exported "SYS"."DAM_CLEANUP_EVENTS$"                     0 KB       0 rows
. . exported "SYS"."DAM_CLEANUP_JOBS$"                       0 KB       0 rows
. . exported "SYS"."TSDP_ASSOCIATION$"                       0 KB       0 rows
. . exported "SYS"."TSDP_CONDITION$"                         0 KB       0 rows
. . exported "SYS"."TSDP_FEATURE_POLICY$"                    0 KB       0 rows
. . exported "SYS"."TSDP_PROTECTION$"                        0 KB       0 rows
. . exported "SYS"."TSDP_SENSITIVE_DATA$"                    0 KB       0 rows
. . exported "SYS"."TSDP_SENSITIVE_TYPE$"                    0 KB       0 rows
. . exported "SYS"."TSDP_SOURCE$"                            0 KB       0 rows
. . exported "SYSTEM"."REDO_LOG"                             0 KB       0 rows
. . exported "WMSYS"."WM$BATCH_COMPRESSIBLE_TABLES$"         0 KB       0 rows
. . exported "WMSYS"."WM$CONSTRAINTS_TABLE$"                 0 KB       0 rows
. . exported "WMSYS"."WM$CONS_COLUMNS$"                      0 KB       0 rows
. . exported "WMSYS"."WM$LOCKROWS_INFO$"                     0 KB       0 rows
. . exported "WMSYS"."WM$MODIFIED_TABLES$"                   0 KB       0 rows
. . exported "WMSYS"."WM$MP_GRAPH_WORKSPACES_TABLE$"         0 KB       0 rows
. . exported "WMSYS"."WM$MP_PARENT_WORKSPACES_TABLE$"        0 KB       0 rows
. . exported "WMSYS"."WM$NESTED_COLUMNS_TABLE$"              0 KB       0 rows
. . exported "WMSYS"."WM$RESOLVE_WORKSPACES_TABLE$"          0 KB       0 rows
. . exported "WMSYS"."WM$RIC_LOCKING_TABLE$"                 0 KB       0 rows
. . exported "WMSYS"."WM$RIC_TABLE$"                         0 KB       0 rows
. . exported "WMSYS"."WM$RIC_TRIGGERS_TABLE$"                0 KB       0 rows
. . exported "WMSYS"."WM$UDTRIG_DISPATCH_PROCS$"             0 KB       0 rows
. . exported "WMSYS"."WM$UDTRIG_INFO$"                       0 KB       0 rows
. . exported "WMSYS"."WM$VERSION_TABLE$"                     0 KB       0 rows
. . exported "WMSYS"."WM$VT_ERRORS_TABLE$"                   0 KB       0 rows
. . exported "WMSYS"."WM$WORKSPACE_SAVEPOINTS_TABLE$"        0 KB       0 rows
. . exported "MDSYS"."RDF_PARAM$"                        6.515 KB       3 rows
. . exported "SYS"."AUDTAB$TBS$FOR_EXPORT"               5.953 KB       2 rows
. . exported "SYS"."DBA_SENSITIVE_DATA"                      0 KB       0 rows
. . exported "SYS"."DBA_TSDP_POLICY_PROTECTION"              0 KB       0 rows
. . exported "SYS"."FGA_LOG$FOR_EXPORT"                      0 KB       0 rows
. . exported "SYS"."NACL$_ACE_EXP"                           0 KB       0 rows
. . exported "SYS"."NACL$_HOST_EXP"                      6.914 KB       1 rows
. . exported "SYS"."NACL$_WALLET_EXP"                        0 KB       0 rows
. . exported "SYS"."SQL$TEXT_DATAPUMP"                       0 KB       0 rows
. . exported "SYS"."SQL$_DATAPUMP"                           0 KB       0 rows
. . exported "SYS"."SQLOBJ$AUXDATA_DATAPUMP"                 0 KB       0 rows
. . exported "SYS"."SQLOBJ$DATA_DATAPUMP"                    0 KB       0 rows
. . exported "SYS"."SQLOBJ$PLAN_DATAPUMP"                    0 KB       0 rows
. . exported "SYS"."SQLOBJ$_DATAPUMP"                        0 KB       0 rows
. . exported "SYSTEM"."SCHEDULER_JOB_ARGS"                   0 KB       0 rows
. . exported "SYSTEM"."SCHEDULER_PROGRAM_ARGS"               0 KB       0 rows
. . exported "WMSYS"."WM$EXP_MAP"                        7.718 KB       3 rows
. . exported "WMSYS"."WM$METADATA_MAP"                       0 KB       0 rows
. . exported "CONTROLN"."LOG_ALERTAS"                    1.216 GB 4582604 rows
. . exported "CONTROLN"."TAB_ERROR"                      41.99 KB    1231 rows
. . exported "CONTROLN"."TAREA"                          15.61 KB      87 rows
. . exported "CONTROLN"."SERVIDOR"                       13.00 KB      48 rows
. . exported "CONTROLN"."TMP_ESPACIO_ASM"                11.96 KB       2 rows
. . exported "CONTROLN"."TAREA_EJECUCION"                10.57 KB      87 rows
. . exported "SYSTABREP"."SYSTMTOI"                      9.906 KB      71 rows
. . exported "CONTROLN"."TAREA_INSTRUCCION"              8.468 KB     161 rows
. . exported "CONTROLN"."TAREA_ALERTA_DESTINA"           8.226 KB     170 rows
. . exported "CONTROLN"."DESTINATARIOS"                  6.695 KB       8 rows
. . exported "SYSTABREP"."SYSTMBD"                       6.781 KB      76 rows
. . exported "CONTROLN"."TAREA_SERVIDOR"                 6.765 KB     110 rows
. . exported "CONTROLN"."INSTRUCCION"                    6.148 KB      10 rows
. . exported "CONTROLN"."CANAL"                              6 KB       3 rows
. . exported "SYSTABREP"."FS_SIZE_TMP"                   5.843 KB       8 rows
. . exported "CONTROLN"."TIPO_TAREA"                     5.726 KB       8 rows
. . exported "CONTROLN"."TIPO_SERVIDOR"                  5.593 KB       5 rows
. . exported "CONTROLN"."ALERTA"                           5.5 KB       2 rows
. . exported "C##AANDRADE"."LOG_ALERTAS":"P20200731"         0 KB       0 rows
. . exported "C##AANDRADE"."LOG_ALERTAS":"P20200831"         0 KB       0 rows
Master table "SYSTEM"."SYS_EXPORT_FULL_01" successfully loaded/unloaded
******************************************************************************
Dump file set for SYSTEM.SYS_EXPORT_FULL_01 is:
  C:\BK_DIARIO_INFO7034\CONTROLN\CONTROLN.DMP
  
Job "SYSTEM"."SYS_EXPORT_FULL_01" successfully completed at Thu Aug 7 22:34:12 2024 elapsed 0 00:04:06
